#
# There is insufficient memory for the Java Runtime Environment to continue.
# Native memory allocation (malloc) failed to allocate 2215616 bytes for Chunk::new
# Possible reasons:
#   The system is out of physical RAM or swap space
#   In 32 bit mode, the process size limit was hit
# Possible solutions:
#   Reduce memory load on the system
#   Increase physical memory or swap space
#   Check if swap backing store is full
#   Use 64 bit Java on a 64 bit OS
#   Decrease Java heap size (-Xmx/-Xms)
#   Decrease number of Java threads
#   Decrease Java thread stack sizes (-Xss)
#   Set larger code cache with -XX:ReservedCodeCacheSize=
# This output file may be truncated or incomplete.
#
#  Out of Memory Error (allocation.cpp:390), pid=29904, tid=30180
#
# JRE version: Java(TM) SE Runtime Environment (8.0_77-b03) (build 1.8.0_77-b03)
# Java VM: Java HotSpot(TM) 64-Bit Server VM (25.77-b03 mixed mode windows-amd64 compressed oops)
# Failed to write core dump. Minidumps are not enabled by default on client versions of Windows
#

---------------  T H R E A D  ---------------

Current thread (0x0000000017e12800):  JavaThread "C2 CompilerThread1" daemon [_thread_in_native, id=30180, stack(0x0000000018210000,0x0000000018310000)]

Stack: [0x0000000018210000,0x0000000018310000]
[error occurred during error reporting (printing stack bounds), id 0xc0000005]

Native frames: (J=compiled Java code, j=interpreted, Vv=VM code, C=native code)


Current CompileTask:
C2:   4639 1371   !   4       java.net.URLClassLoader$1::run (63 bytes)


---------------  P R O C E S S  ---------------

Java Threads: ( => current thread )
  0x000000001915d800 JavaThread "Stdin handler" [_thread_blocked, id=22688, stack(0x000000001ac80000,0x000000001ad80000)]
  0x000000001915d000 JavaThread "Asynchronous log dispatcher for DefaultDaemonConnection: socket connection from /127.0.0.1:49180 to /127.0.0.1:49181" [_thread_blocked, id=26504, stack(0x000000001ab80000,0x000000001ac80000)]
  0x000000001969e000 JavaThread "Daemon worker" [_thread_in_native, id=18236, stack(0x000000001aa80000,0x000000001ab80000)]
  0x00000000196b3800 JavaThread "Cancel handler" [_thread_blocked, id=20940, stack(0x000000001a980000,0x000000001aa80000)]
  0x0000000019597000 JavaThread "Handler for socket connection from /127.0.0.1:49180 to /127.0.0.1:49181" [_thread_in_native, id=18904, stack(0x000000001a880000,0x000000001a980000)]
  0x0000000019594000 JavaThread "Daemon" [_thread_blocked, id=7392, stack(0x000000001a780000,0x000000001a880000)]
  0x0000000019329000 JavaThread "Incoming local TCP Connector on port 49180" [_thread_in_native, id=28680, stack(0x000000001a0e0000,0x000000001a1e0000)]
  0x000000001905a000 JavaThread "pool-1-thread-1" [_thread_blocked, id=15068, stack(0x0000000019de0000,0x0000000019ee0000)]
  0x0000000017e92800 JavaThread "Service Thread" daemon [_thread_blocked, id=30532, stack(0x0000000018410000,0x0000000018510000)]
  0x0000000017e1f800 JavaThread "C1 CompilerThread2" daemon [_thread_blocked, id=30684, stack(0x0000000018310000,0x0000000018410000)]
=>0x0000000017e12800 JavaThread "C2 CompilerThread1" daemon [_thread_in_native, id=30180, stack(0x0000000018210000,0x0000000018310000)]
  0x00000000167fa800 JavaThread "C2 CompilerThread0" daemon [_thread_in_native, id=17800, stack(0x0000000017d10000,0x0000000017e10000)]
  0x00000000167f8800 JavaThread "Attach Listener" daemon [_thread_blocked, id=21808, stack(0x0000000017c10000,0x0000000017d10000)]
  0x00000000167ac800 JavaThread "Signal Dispatcher" daemon [_thread_blocked, id=29844, stack(0x0000000017b10000,0x0000000017c10000)]
  0x0000000002e2a000 JavaThread "Finalizer" daemon [_thread_blocked, id=26056, stack(0x0000000017a10000,0x0000000017b10000)]
  0x0000000002e1f800 JavaThread "Reference Handler" daemon [_thread_blocked, id=24624, stack(0x0000000017910000,0x0000000017a10000)]
  0x0000000002d32800 JavaThread "main" [_thread_blocked, id=30284, stack(0x0000000002c30000,0x0000000002d30000)]

Other Threads:
  0x0000000016768000 VMThread [stack: 0x0000000017810000,0x0000000017910000] [id=22872]
  0x0000000017e75000 WatcherThread [stack: 0x0000000018510000,0x0000000018610000] [id=15964]

VM state:not at safepoint (normal execution)

VM Mutex/Monitor currently owned by a thread: None

Heap:
 PSYoungGen      total 34304K, used 9929K [0x00000000e0000000, 0x00000000e2600000, 0x0000000100000000)
  eden space 29696K, 17% used [0x00000000e0000000,0x00000000e0534138,0x00000000e1d00000)
  from space 4608K, 99% used [0x00000000e1d00000,0x00000000e217e640,0x00000000e2180000)
  to   space 4608K, 0% used [0x00000000e2180000,0x00000000e2180000,0x00000000e2600000)
 ParOldGen       total 77824K, used 3213K [0x00000000a0000000, 0x00000000a4c00000, 0x00000000e0000000)
  object space 77824K, 4% used [0x00000000a0000000,0x00000000a0323408,0x00000000a4c00000)
 Metaspace       used 15746K, capacity 16074K, committed 16256K, reserved 1062912K
  class space    used 2215K, capacity 2320K, committed 2432K, reserved 1048576K

Card table byte_map: [0x00000000121f0000,0x0000000012500000] byte_map_base: 0x0000000011cf0000

Marking Bits: (ParMarkBitMap*) 0x0000000077780600
 Begin Bits: [0x0000000012b00000, 0x0000000014300000)
 End Bits:   [0x0000000014300000, 0x0000000015b00000)

Polling page: 0x0000000000f90000

CodeCache: size=245760Kb used=4882Kb max_used=4882Kb free=240877Kb
 bounds [0x0000000002e30000, 0x0000000003300000, 0x0000000011e30000]
 total_blobs=1807 nmethods=1416 adapters=303
 compilation: enabled

Compilation events (10 events):
Event: 4.509 Thread 0x0000000017e1f800 1415       3       org.gradle.internal.service.DefaultServiceRegistry$FactoryService::<init> (11 bytes)
Event: 4.510 Thread 0x0000000017e1f800 nmethod 1415 0x00000000032f4150 code [0x00000000032f4300, 0x00000000032f4b48]
Event: 4.515 Thread 0x0000000017e1f800 1416       1       java.lang.reflect.Method::getMethodAccessor (5 bytes)
Event: 4.515 Thread 0x0000000017e1f800 nmethod 1416 0x00000000032f4e50 code [0x00000000032f4fa0, 0x00000000032f50b0]
Event: 4.515 Thread 0x0000000017e1f800 1417       3       java.lang.reflect.Method::setMethodAccessor (21 bytes)
Event: 4.515 Thread 0x0000000017e1f800 nmethod 1417 0x00000000032f5110 code [0x00000000032f5280, 0x00000000032f5628]
Event: 4.516 Thread 0x0000000017e1f800 1418       3       java.net.URI$Parser::scan (73 bytes)
Event: 4.517 Thread 0x0000000017e1f800 nmethod 1418 0x00000000032f5750 code [0x00000000032f5920, 0x00000000032f6008]
Event: 4.517 Thread 0x0000000017e1f800 1419       3       java.net.URI::match (56 bytes)
Event: 4.517 Thread 0x0000000017e1f800 nmethod 1419 0x00000000032f6490 code [0x00000000032f6600, 0x00000000032f6910]

GC Heap History (6 events):
Event: 1.247 GC heap before
{Heap before GC invocations=1 (full 0):
 PSYoungGen      total 34304K, used 29696K [0x00000000e0000000, 0x00000000e2600000, 0x0000000100000000)
  eden space 29696K, 100% used [0x00000000e0000000,0x00000000e1d00000,0x00000000e1d00000)
  from space 4608K, 0% used [0x00000000e2180000,0x00000000e2180000,0x00000000e2600000)
  to   space 4608K, 0% used [0x00000000e1d00000,0x00000000e1d00000,0x00000000e2180000)
 ParOldGen       total 77824K, used 0K [0x00000000a0000000, 0x00000000a4c00000, 0x00000000e0000000)
  object space 77824K, 0% used [0x00000000a0000000,0x00000000a0000000,0x00000000a4c00000)
 Metaspace       used 6859K, capacity 7024K, committed 7040K, reserved 1056768K
  class space    used 862K, capacity 892K, committed 896K, reserved 1048576K
Event: 1.254 GC heap after
Heap after GC invocations=1 (full 0):
 PSYoungGen      total 34304K, used 4371K [0x00000000e0000000, 0x00000000e2600000, 0x0000000100000000)
  eden space 29696K, 0% used [0x00000000e0000000,0x00000000e0000000,0x00000000e1d00000)
  from space 4608K, 94% used [0x00000000e1d00000,0x00000000e2144e38,0x00000000e2180000)
  to   space 4608K, 0% used [0x00000000e2180000,0x00000000e2180000,0x00000000e2600000)
 ParOldGen       total 77824K, used 8K [0x00000000a0000000, 0x00000000a4c00000, 0x00000000e0000000)
  object space 77824K, 0% used [0x00000000a0000000,0x00000000a0002000,0x00000000a4c00000)
 Metaspace       used 6859K, capacity 7024K, committed 7040K, reserved 1056768K
  class space    used 862K, capacity 892K, committed 896K, reserved 1048576K
}
Event: 3.592 GC heap before
{Heap before GC invocations=2 (full 0):
 PSYoungGen      total 34304K, used 34067K [0x00000000e0000000, 0x00000000e2600000, 0x0000000100000000)
  eden space 29696K, 100% used [0x00000000e0000000,0x00000000e1d00000,0x00000000e1d00000)
  from space 4608K, 94% used [0x00000000e1d00000,0x00000000e2144e38,0x00000000e2180000)
  to   space 4608K, 0% used [0x00000000e2180000,0x00000000e2180000,0x00000000e2600000)
 ParOldGen       total 77824K, used 8K [0x00000000a0000000, 0x00000000a4c00000, 0x00000000e0000000)
  object space 77824K, 0% used [0x00000000a0000000,0x00000000a0002000,0x00000000a4c00000)
 Metaspace       used 12332K, capacity 12650K, committed 12800K, reserved 1060864K
  class space    used 1629K, capacity 1744K, committed 1792K, reserved 1048576K
Event: 3.600 GC heap after
Heap after GC invocations=2 (full 0):
 PSYoungGen      total 34304K, used 4585K [0x00000000e0000000, 0x00000000e2600000, 0x0000000100000000)
  eden space 29696K, 0% used [0x00000000e0000000,0x00000000e0000000,0x00000000e1d00000)
  from space 4608K, 99% used [0x00000000e2180000,0x00000000e25fa400,0x00000000e2600000)
  to   space 4608K, 0% used [0x00000000e1d00000,0x00000000e1d00000,0x00000000e2180000)
 ParOldGen       total 77824K, used 786K [0x00000000a0000000, 0x00000000a4c00000, 0x00000000e0000000)
  object space 77824K, 1% used [0x00000000a0000000,0x00000000a00c4838,0x00000000a4c00000)
 Metaspace       used 12332K, capacity 12650K, committed 12800K, reserved 1060864K
  class space    used 1629K, capacity 1744K, committed 1792K, reserved 1048576K
}
Event: 4.337 GC heap before
{Heap before GC invocations=3 (full 0):
 PSYoungGen      total 34304K, used 34281K [0x00000000e0000000, 0x00000000e2600000, 0x0000000100000000)
  eden space 29696K, 100% used [0x00000000e0000000,0x00000000e1d00000,0x00000000e1d00000)
  from space 4608K, 99% used [0x00000000e2180000,0x00000000e25fa400,0x00000000e2600000)
  to   space 4608K, 0% used [0x00000000e1d00000,0x00000000e1d00000,0x00000000e2180000)
 ParOldGen       total 77824K, used 786K [0x00000000a0000000, 0x00000000a4c00000, 0x00000000e0000000)
  object space 77824K, 1% used [0x00000000a0000000,0x00000000a00c4838,0x00000000a4c00000)
 Metaspace       used 15015K, capacity 15402K, committed 15616K, reserved 1062912K
  class space    used 2106K, capacity 2224K, committed 2304K, reserved 1048576K
Event: 4.347 GC heap after
Heap after GC invocations=3 (full 0):
 PSYoungGen      total 34304K, used 4601K [0x00000000e0000000, 0x00000000e2600000, 0x0000000100000000)
  eden space 29696K, 0% used [0x00000000e0000000,0x00000000e0000000,0x00000000e1d00000)
  from space 4608K, 99% used [0x00000000e1d00000,0x00000000e217e640,0x00000000e2180000)
  to   space 4608K, 0% used [0x00000000e2180000,0x00000000e2180000,0x00000000e2600000)
 ParOldGen       total 77824K, used 3213K [0x00000000a0000000, 0x00000000a4c00000, 0x00000000e0000000)
  object space 77824K, 4% used [0x00000000a0000000,0x00000000a0323408,0x00000000a4c00000)
 Metaspace       used 15015K, capacity 15402K, committed 15616K, reserved 1062912K
  class space    used 2106K, capacity 2224K, committed 2304K, reserved 1048576K
}

Deoptimization events (10 events):
Event: 3.500 Thread 0x0000000002d32800 Uncommon trap: reason=class_check action=maybe_recompile pc=0x00000000030a291c method=java.util.HashMap.putVal(ILjava/lang/Object;Ljava/lang/Object;ZZ)Ljava/lang/Object; @ 203
Event: 3.810 Thread 0x000000001969e000 Uncommon trap: reason=bimorphic action=maybe_recompile pc=0x00000000031e8758 method=java.util.HashMap.putVal(ILjava/lang/Object;Ljava/lang/Object;ZZ)Ljava/lang/Object; @ 253
Event: 3.811 Thread 0x000000001969e000 Uncommon trap: reason=bimorphic action=maybe_recompile pc=0x00000000031e8758 method=java.util.HashMap.putVal(ILjava/lang/Object;Ljava/lang/Object;ZZ)Ljava/lang/Object; @ 253
Event: 3.811 Thread 0x000000001969e000 Uncommon trap: reason=bimorphic action=maybe_recompile pc=0x00000000031e8758 method=java.util.HashMap.putVal(ILjava/lang/Object;Ljava/lang/Object;ZZ)Ljava/lang/Object; @ 253
Event: 3.811 Thread 0x000000001969e000 Uncommon trap: reason=bimorphic action=maybe_recompile pc=0x00000000031e8758 method=java.util.HashMap.putVal(ILjava/lang/Object;Ljava/lang/Object;ZZ)Ljava/lang/Object; @ 253
Event: 3.811 Thread 0x000000001969e000 Uncommon trap: reason=bimorphic action=maybe_recompile pc=0x00000000031efd20 method=java.util.HashMap.putVal(ILjava/lang/Object;Ljava/lang/Object;ZZ)Ljava/lang/Object; @ 253
Event: 4.118 Thread 0x000000001969e000 Uncommon trap: reason=class_check action=maybe_recompile pc=0x000000000309eb1c method=java.util.regex.Matcher.match(II)Z @ 86
Event: 4.120 Thread 0x000000001969e000 Uncommon trap: reason=class_check action=maybe_recompile pc=0x000000000309eb1c method=java.util.regex.Matcher.match(II)Z @ 86
Event: 4.516 Thread 0x000000001969e000 Uncommon trap: reason=unstable_if action=reinterpret pc=0x0000000002f8bc08 method=java.net.URI.match(CJJ)Z @ 19
Event: 4.516 Thread 0x000000001969e000 Uncommon trap: reason=unstable_if action=reinterpret pc=0x000000000306a788 method=java.net.URI.match(CJJ)Z @ 19

Internal exceptions (10 events):
Event: 3.729 Thread 0x0000000019597000 Exception <a 'java/lang/NoSuchMethodError': <clinit>> (0x00000000e0192ec8) thrown at [D:\re\workspace\8-2-build-windows-amd64-cygwin\jdk8u77\6540\hotspot\src\share\vm\prims\jni.cpp, line 1591]
Event: 3.730 Thread 0x0000000019597000 Exception <a 'java/lang/NoSuchMethodError': <clinit>> (0x00000000e019b990) thrown at [D:\re\workspace\8-2-build-windows-amd64-cygwin\jdk8u77\6540\hotspot\src\share\vm\prims\jni.cpp, line 1591]
Event: 3.732 Thread 0x0000000019597000 Exception <a 'java/lang/NoSuchMethodError': <clinit>> (0x00000000e01ad258) thrown at [D:\re\workspace\8-2-build-windows-amd64-cygwin\jdk8u77\6540\hotspot\src\share\vm\prims\jni.cpp, line 1591]
Event: 3.755 Thread 0x0000000019597000 Exception <a 'java/lang/NoSuchMethodError': <clinit>> (0x00000000e0228fa0) thrown at [D:\re\workspace\8-2-build-windows-amd64-cygwin\jdk8u77\6540\hotspot\src\share\vm\prims\jni.cpp, line 1591]
Event: 3.758 Thread 0x0000000019597000 Exception <a 'java/lang/NoSuchMethodError': <clinit>> (0x00000000e0239848) thrown at [D:\re\workspace\8-2-build-windows-amd64-cygwin\jdk8u77\6540\hotspot\src\share\vm\prims\jni.cpp, line 1591]
Event: 3.764 Thread 0x0000000019597000 Exception <a 'java/lang/NoSuchMethodError': <clinit>> (0x00000000e025def8) thrown at [D:\re\workspace\8-2-build-windows-amd64-cygwin\jdk8u77\6540\hotspot\src\share\vm\prims\jni.cpp, line 1591]
Event: 3.791 Thread 0x000000001969e000 Exception <a 'java/lang/NoSuchMethodError': <clinit>> (0x00000000e03c0620) thrown at [D:\re\workspace\8-2-build-windows-amd64-cygwin\jdk8u77\6540\hotspot\src\share\vm\prims\jni.cpp, line 1591]
Event: 3.793 Thread 0x000000001969e000 Exception <a 'java/lang/NoSuchMethodError': <clinit>> (0x00000000e03c88a8) thrown at [D:\re\workspace\8-2-build-windows-amd64-cygwin\jdk8u77\6540\hotspot\src\share\vm\prims\jni.cpp, line 1591]
Event: 3.858 Thread 0x000000001969e000 Exception <a 'java/lang/ArrayIndexOutOfBoundsException'> (0x00000000e0618900) thrown at [D:\re\workspace\8-2-build-windows-amd64-cygwin\jdk8u77\6540\hotspot\src\share\vm\runtime\sharedRuntime.cpp, line 605]
Event: 3.877 Thread 0x000000001969e000 Exception <a 'java/lang/ArrayIndexOutOfBoundsException'> (0x00000000e06efda0) thrown at [D:\re\workspace\8-2-build-windows-amd64-cygwin\jdk8u77\6540\hotspot\src\share\vm\runtime\sharedRuntime.cpp, line 605]

Events (10 events):
Event: 4.515 loading class org/gradle/initialization/DefaultJdkToolsInitializer
Event: 4.515 loading class org/gradle/initialization/DefaultJdkToolsInitializer done
Event: 4.516 Thread 0x000000001969e000 Uncommon trap: trap_request=0xffffff65 fr.pc=0x0000000002f8bc08
Event: 4.516 Thread 0x000000001969e000 DEOPT PACKING pc=0x0000000002f8bc08 sp=0x000000001ab7c610
Event: 4.516 Thread 0x000000001969e000 DEOPT UNPACKING pc=0x0000000002e7582a sp=0x000000001ab7c5a0 mode 2
Event: 4.516 Thread 0x000000001969e000 Uncommon trap: trap_request=0xffffff65 fr.pc=0x000000000306a788
Event: 4.516 Thread 0x000000001969e000 DEOPT PACKING pc=0x000000000306a788 sp=0x000000001ab7c580
Event: 4.516 Thread 0x000000001969e000 DEOPT UNPACKING pc=0x0000000002e7582a sp=0x000000001ab7c408 mode 2
Event: 4.517 loading class org/gradle/internal/concurrent/CompositeStoppable$2
Event: 4.517 loading class org/gradle/internal/concurrent/CompositeStoppable$2 done


Dynamic libraries:
0x00007ff6487b0000 - 0x00007ff6487e7000 	C:\Program Files\Java\jdk1.8.0_77\bin\java.exe
0x00007ffdc0c60000 - 0x00007ffdc0e32000 	C:\WINDOWS\SYSTEM32\ntdll.dll
0x00007ffdbe400000 - 0x00007ffdbe4ac000 	C:\WINDOWS\System32\KERNEL32.DLL
0x00007ffdbdf50000 - 0x00007ffdbe16d000 	C:\WINDOWS\System32\KERNELBASE.dll
0x00007ffdc09d0000 - 0x00007ffdc0a72000 	C:\WINDOWS\System32\ADVAPI32.dll
0x00007ffdbed00000 - 0x00007ffdbed9e000 	C:\WINDOWS\System32\msvcrt.dll
0x00007ffdbe3a0000 - 0x00007ffdbe3f9000 	C:\WINDOWS\System32\sechost.dll
0x00007ffdbeda0000 - 0x00007ffdbeec1000 	C:\WINDOWS\System32\RPCRT4.dll
0x00007ffdbeab0000 - 0x00007ffdbec15000 	C:\WINDOWS\System32\USER32.dll
0x00007ffdbe1d0000 - 0x00007ffdbe1ee000 	C:\WINDOWS\System32\win32u.dll
0x00007ffdbec20000 - 0x00007ffdbec54000 	C:\WINDOWS\System32\GDI32.dll
0x00007ffdbd2c0000 - 0x00007ffdbd440000 	C:\WINDOWS\System32\gdi32full.dll
0x00007ffda8be0000 - 0x00007ffda8e5a000 	C:\WINDOWS\WinSxS\amd64_microsoft.windows.common-controls_6595b64144ccf1df_6.0.14393.953_none_42151e83c686086b\COMCTL32.dll
0x00007ffdbe670000 - 0x00007ffdbe938000 	C:\WINDOWS\System32\combase.dll
0x00007ffdbdde0000 - 0x00007ffdbded5000 	C:\WINDOWS\System32\ucrtbase.dll
0x00007ffdbdee0000 - 0x00007ffdbdf4a000 	C:\WINDOWS\System32\bcryptPrimitives.dll
0x00007ffdbef90000 - 0x00007ffdbefbe000 	C:\WINDOWS\System32\IMM32.DLL
0x0000000076b20000 - 0x0000000076bf2000 	C:\Program Files\Java\jdk1.8.0_77\jre\bin\msvcr100.dll
0x0000000076f70000 - 0x0000000077800000 	C:\Program Files\Java\jdk1.8.0_77\jre\bin\server\jvm.dll
0x00007ffdbe940000 - 0x00007ffdbe948000 	C:\WINDOWS\System32\PSAPI.DLL
0x00007ffdabe20000 - 0x00007ffdabe29000 	C:\WINDOWS\SYSTEM32\WSOCK32.dll
0x00007ffdbefc0000 - 0x00007ffdbf02a000 	C:\WINDOWS\System32\WS2_32.dll
0x00007ffdbb550000 - 0x00007ffdbb573000 	C:\WINDOWS\SYSTEM32\WINMM.dll
0x00007ffdadcf0000 - 0x00007ffdadcfa000 	C:\WINDOWS\SYSTEM32\VERSION.dll
0x00007ffdbb3e0000 - 0x00007ffdbb40b000 	C:\WINDOWS\SYSTEM32\WINMMBASE.dll
0x00007ffdbdbc0000 - 0x00007ffdbdc02000 	C:\WINDOWS\System32\cfgmgr32.dll
0x0000000050050000 - 0x000000005005f000 	C:\Program Files\Java\jdk1.8.0_77\jre\bin\verify.dll
0x0000000076f40000 - 0x0000000076f69000 	C:\Program Files\Java\jdk1.8.0_77\jre\bin\java.dll
0x0000000050030000 - 0x0000000050046000 	C:\Program Files\Java\jdk1.8.0_77\jre\bin\zip.dll
0x00007ffdbf4c0000 - 0x00007ffdc09c8000 	C:\WINDOWS\System32\SHELL32.dll
0x00007ffdbd440000 - 0x00007ffdbdb1a000 	C:\WINDOWS\System32\windows.storage.dll
0x00007ffdbd110000 - 0x00007ffdbd15c000 	C:\WINDOWS\System32\powrprof.dll
0x00007ffdbf030000 - 0x00007ffdbf082000 	C:\WINDOWS\System32\shlwapi.dll
0x00007ffdbd0f0000 - 0x00007ffdbd0ff000 	C:\WINDOWS\System32\kernel.appcore.dll
0x00007ffdbd210000 - 0x00007ffdbd2b9000 	C:\WINDOWS\System32\shcore.dll
0x00007ffdbd0d0000 - 0x00007ffdbd0e4000 	C:\WINDOWS\System32\profapi.dll
0x0000000076f20000 - 0x0000000076f3a000 	C:\Program Files\Java\jdk1.8.0_77\jre\bin\net.dll
0x00007ffdbca00000 - 0x00007ffdbca5c000 	C:\WINDOWS\system32\mswsock.dll
0x0000000076f00000 - 0x0000000076f11000 	C:\Program Files\Java\jdk1.8.0_77\jre\bin\nio.dll
0x00007ffd96890000 - 0x00007ffd968ae000 	C:\Users\LG\.gradle\native\23\windows-amd64\native-platform.dll
0x00007ffdbcbb0000 - 0x00007ffdbcbc7000 	C:\WINDOWS\SYSTEM32\CRYPTSP.dll
0x00007ffdbc600000 - 0x00007ffdbc633000 	C:\WINDOWS\system32\rsaenh.dll
0x00007ffdbccb0000 - 0x00007ffdbccdb000 	C:\WINDOWS\SYSTEM32\bcrypt.dll
0x00007ffdbc890000 - 0x00007ffdbc8af000 	C:\WINDOWS\SYSTEM32\USERENV.dll
0x00007ffdbcba0000 - 0x00007ffdbcbab000 	C:\WINDOWS\SYSTEM32\CRYPTBASE.dll
0x00007ffdbc780000 - 0x00007ffdbc7b8000 	C:\WINDOWS\SYSTEM32\IPHLPAPI.DLL
0x00007ffdbe520000 - 0x00007ffdbe528000 	C:\WINDOWS\System32\NSI.dll
0x00007ffdb3800000 - 0x00007ffdb3816000 	C:\WINDOWS\SYSTEM32\dhcpcsvc6.DLL
0x00007ffdb3c60000 - 0x00007ffdb3c7a000 	C:\WINDOWS\SYSTEM32\dhcpcsvc.DLL
0x0000000075630000 - 0x000000007563d000 	C:\Program Files\Java\jdk1.8.0_77\jre\bin\management.dll

VM Arguments:
jvm_args: -Xmx1536m -Dfile.encoding=x-windows-949 -Duser.country=KR -Duser.language=ko -Duser.variant 
java_command: org.gradle.launcher.daemon.bootstrap.GradleDaemon 3.3
java_class_path (initial): C:\Users\LG\.gradle\wrapper\dists\gradle-3.3-all\55gk2rcmfc6p2dg9u9ohc3hw9\gradle-3.3\lib\gradle-launcher-3.3.jar
Launcher Type: SUN_STANDARD

Environment Variables:
JAVA_HOME=C:\Program Files\Java\jdk1.8.0_77
PATH=C:\oraclexe\app\oracle\product\11.2.0\server\bin;C:\Python34\;C:\Python34\Scripts;C:\Program Files (x86)\Intel\iCLS Client\;C:\Program Files\Intel\iCLS Client\;C:\WINDOWS\system32;C:\WINDOWS;C:\WINDOWS\System32\Wbem;C:\WINDOWS\System32\WindowsPowerShell\v1.0\;C:\Program Files (x86)\Intel\Intel(R) Management Engine Components\DAL;C:\Program Files\Intel\Intel(R) Management Engine Components\DAL;C:\Program Files (x86)\Intel\Intel(R) Management Engine Components\IPT;C:\Program Files\Intel\Intel(R) Management Engine Components\IPT;C:\WINDOWS\system32\config\systemprofile\.dnx\bin;C:\Program Files\Microsoft DNX\Dnvm\;C:\Program Files (x86)\Windows Kits\8.1\Windows Performance Toolkit\;C:\Program Files\Java\jdk1.8.0_77;C:\Users\LG\Desktop\java;C:\Program Files\Java\jdk1.8.0_77\bin;C:\Program Files\Anaconda3;C:\Program Files\Anaconda3\Scripts;C:\Program Files\Anaconda3\Library\bin;C:\Program Files (x86)\Windows Live\Shared;C:\Program Files\Git\cmd;C:\Program Files\Intel\WiFi\bin\;C:\Program Files\Common Files\Intel\WirelessCommon\;C:\Program Files (x86)\GtkSharp\2.12\bin;C:\Program Files\nodejs\;;C:\Program Files\Intel\WiFi\bin\;C:\Program Files\Common Files\Intel\WirelessCommon\;C:\Program Files\Java\jdk1.8.0_77\bin;C:\Users\LG\Desktop\java;C:\Users\LG\AppData\Local\atom\bin;C:\Users\LG\AppData\Local\Microsoft\WindowsApps;C:\Users\LG\AppData\Roaming\npm;C:\Program Files\Microsoft VS Code\bin
USERNAME=LG
OS=Windows_NT
PROCESSOR_IDENTIFIER=Intel64 Family 6 Model 78 Stepping 3, GenuineIntel



---------------  S Y S T E M  ---------------

OS: Windows 10.0 , 64 bit Build 14393 (10.0.14393.1198)

CPU:total 4 (2 cores per cpu, 2 threads per core) family 6 model 78 stepping 3, cmov, cx8, fxsr, mmx, sse, sse2, sse3, ssse3, sse4.1, sse4.2, popcnt, avx, avx2, aes, clmul, erms, 3dnowpref, lzcnt, ht, tsc, tscinvbit, bmi1, bmi2, adx

Memory: 4k page, physical 7392076k(1118360k free), swap 30460748k(7396k free)

vm_info: Java HotSpot(TM) 64-Bit Server VM (25.77-b03) for windows-amd64 JRE (1.8.0_77-b03), built on Mar 20 2016 22:01:33 by "java_re" with MS VC++ 10.0 (VS2010)

time: Mon Sep 25 00:08:51 2017
elapsed time: 4 seconds (0d 0h 0m 4s)

